[debug] [2020-07-19T18:23:55.585Z] ----------------------------------------------------------------------
[debug] [2020-07-19T18:23:55.587Z] Command:       C:\Program Files\nodejs\node.exe C:\Users\smenaa\AppData\Roaming\npm\node_modules\firebase-tools\lib\bin\firebase.js init
[debug] [2020-07-19T18:23:55.587Z] CLI Version:   8.6.0
[debug] [2020-07-19T18:23:55.587Z] Platform:      win32
[debug] [2020-07-19T18:23:55.587Z] Node Version:  v14.5.0
[debug] [2020-07-19T18:23:55.589Z] Time:          Sun Jul 19 2020 14:23:55 GMT-0400 (hora estándar de Chile)
[debug] [2020-07-19T18:23:55.589Z] ----------------------------------------------------------------------
[debug] [2020-07-19T18:23:55.589Z] 
[debug] [2020-07-19T18:23:55.596Z] > command requires scopes: ["email","openid","https://www.googleapis.com/auth/cloudplatformprojects.readonly","https://www.googleapis.com/auth/firebase","https://www.googleapis.com/auth/cloud-platform"]
[debug] [2020-07-19T18:23:55.597Z] > authorizing via signed-in user
[info] 
     ######## #### ########  ######## ########     ###     ######  ########
     ##        ##  ##     ## ##       ##     ##  ##   ##  ##       ##
     ######    ##  ########  ######   ########  #########  ######  ######
     ##        ##  ##    ##  ##       ##     ## ##     ##       ## ##
     ##       #### ##     ## ######## ########  ##     ##  ######  ########

You're about to initialize a Firebase project in this directory:

  C:\Users\smenaa\Documents\proyectos\agendatuhora-website

Before we get started, keep in mind:

  * You are initializing in an existing Firebase project directory

